Build started 8/5/2010 4:25:24 AM.
     1>Project "C:\Users\ZeroProg\Documents\Visual Studio 2010\Projects\zpcap\zpcap\zpcap.vcxproj" on node 2 (rebuild target(s)).
     1>_PrepareForClean:
         Deleting file "Debug\zpcap.lastbuildstate".
       InitializeBuildStatus:
         Touching "Debug\zpcap.unsuccessfulbuild".
       ClCompile:
         C:\Program Files\Microsoft Visual Studio 10.0\VC\bin\CL.exe /c /ZI /nologo /W3 /WX- /Od /Oy- /D WIN32 /D _DEBUG /D _CONSOLE /D _UNICODE /D UNICODE /D WPCAP /D HAVE_REMOTE /Gm /EHsc /RTC1 /MDd /GS /fp:precise /Zc:wchar_t /Zc:forScope /Fo"Debug\\" /Fd"Debug\vc100.pdb" /Gd /TP /analyze- /errorReport:prompt main.cpp mitm.cpp sniff.cpp
         sniff.cpp
     1>c:\users\zeroprog\documents\visual studio 2010\projects\zpcap\zpcap\sniff.cpp(77): warning C4996: 'fopen': This function or variable may be unsafe. Consider using fopen_s instead. To disable deprecation, use _CRT_SECURE_NO_WARNINGS. See online help for details.
                 c:\program files\microsoft visual studio 10.0\vc\include\stdio.h(234) : see declaration of 'fopen'
     1>c:\users\zeroprog\documents\visual studio 2010\projects\zpcap\zpcap\sniff.cpp(128): warning C4996: 'fopen': This function or variable may be unsafe. Consider using fopen_s instead. To disable deprecation, use _CRT_SECURE_NO_WARNINGS. See online help for details.
                 c:\program files\microsoft visual studio 10.0\vc\include\stdio.h(234) : see declaration of 'fopen'
         mitm.cpp
     1>c:\users\zeroprog\documents\visual studio 2010\projects\zpcap\zpcap\mitm.cpp(38): error C2440: 'type cast' : cannot convert from 'ip_addr' to 'const char *'
                 No user-defined-conversion operator available that can perform this conversion, or the operator cannot be called
     1>c:\users\zeroprog\documents\visual studio 2010\projects\zpcap\zpcap\mitm.cpp(40): error C2440: 'type cast' : cannot convert from 'ip_addr' to 'const char *'
                 No user-defined-conversion operator available that can perform this conversion, or the operator cannot be called
         main.cpp
     1>c:\users\zeroprog\documents\visual studio 2010\projects\zpcap\zpcap\main.cpp(118): error C2065: 'fp' : undeclared identifier
     1>c:\users\zeroprog\documents\visual studio 2010\projects\zpcap\zpcap\main.cpp(119): error C2561: 'main' : function must return a value
                 c:\users\zeroprog\documents\visual studio 2010\projects\zpcap\zpcap\main.cpp(46) : see declaration of 'main'
     1>c:\users\zeroprog\documents\visual studio 2010\projects\zpcap\zpcap\main.cpp(124): error C2059: syntax error : 'if'
     1>c:\users\zeroprog\documents\visual studio 2010\projects\zpcap\zpcap\main.cpp(125): error C2143: syntax error : missing ';' before '{'
     1>c:\users\zeroprog\documents\visual studio 2010\projects\zpcap\zpcap\main.cpp(125): error C2447: '{' : missing function header (old-style formal list?)
     1>c:\users\zeroprog\documents\visual studio 2010\projects\zpcap\zpcap\main.cpp(132): error C2059: syntax error : 'if'
     1>c:\users\zeroprog\documents\visual studio 2010\projects\zpcap\zpcap\main.cpp(135): error C2059: syntax error : 'else'
     1>c:\users\zeroprog\documents\visual studio 2010\projects\zpcap\zpcap\main.cpp(141): error C2059: syntax error : 'if'
     1>c:\users\zeroprog\documents\visual studio 2010\projects\zpcap\zpcap\main.cpp(142): error C2143: syntax error : missing ';' before '{'
     1>c:\users\zeroprog\documents\visual studio 2010\projects\zpcap\zpcap\main.cpp(142): error C2447: '{' : missing function header (old-style formal list?)
     1>c:\users\zeroprog\documents\visual studio 2010\projects\zpcap\zpcap\main.cpp(150): error C2059: syntax error : 'if'
     1>c:\users\zeroprog\documents\visual studio 2010\projects\zpcap\zpcap\main.cpp(151): error C2143: syntax error : missing ';' before '{'
     1>c:\users\zeroprog\documents\visual studio 2010\projects\zpcap\zpcap\main.cpp(151): error C2447: '{' : missing function header (old-style formal list?)
     1>c:\users\zeroprog\documents\visual studio 2010\projects\zpcap\zpcap\main.cpp(158): error C2065: 'd' : undeclared identifier
     1>c:\users\zeroprog\documents\visual studio 2010\projects\zpcap\zpcap\main.cpp(158): error C2227: left of '->description' must point to class/struct/union/generic type
                 type is ''unknown-type''
     1>c:\users\zeroprog\documents\visual studio 2010\projects\zpcap\zpcap\main.cpp(158): error C4430: missing type specifier - int assumed. Note: C++ does not support default-int
     1>c:\users\zeroprog\documents\visual studio 2010\projects\zpcap\zpcap\main.cpp(158): error C2365: 'printf' : redefinition; previous definition was 'function'
                 c:\program files\microsoft visual studio 10.0\vc\include\stdio.h(285) : see declaration of 'printf'
     1>c:\users\zeroprog\documents\visual studio 2010\projects\zpcap\zpcap\main.cpp(158): error C2078: too many initializers
     1>c:\users\zeroprog\documents\visual studio 2010\projects\zpcap\zpcap\main.cpp(161): error C2065: 'alldevs' : undeclared identifier
     1>c:\users\zeroprog\documents\visual studio 2010\projects\zpcap\zpcap\main.cpp(161): error C4430: missing type specifier - int assumed. Note: C++ does not support default-int
     1>c:\users\zeroprog\documents\visual studio 2010\projects\zpcap\zpcap\main.cpp(161): error C2365: 'pcap_freealldevs' : redefinition; previous definition was 'function'
                 c:\users\zeroprog\desktop\wpdpack\include\pcap\pcap.h(349) : see declaration of 'pcap_freealldevs'
     1>c:\users\zeroprog\documents\visual studio 2010\projects\zpcap\zpcap\main.cpp(165): error C2065: 'adhandle' : undeclared identifier
     1>c:\users\zeroprog\documents\visual studio 2010\projects\zpcap\zpcap\main.cpp(165): error C4430: missing type specifier - int assumed. Note: C++ does not support default-int
     1>c:\users\zeroprog\documents\visual studio 2010\projects\zpcap\zpcap\main.cpp(165): error C2365: 'pcap_loop' : redefinition; previous definition was 'function'
                 c:\users\zeroprog\desktop\wpdpack\include\pcap\pcap.h(299) : see declaration of 'pcap_loop'
     1>c:\users\zeroprog\documents\visual studio 2010\projects\zpcap\zpcap\main.cpp(165): error C2078: too many initializers
     1>c:\users\zeroprog\documents\visual studio 2010\projects\zpcap\zpcap\main.cpp(167): error C2059: syntax error : 'return'
     1>c:\users\zeroprog\documents\visual studio 2010\projects\zpcap\zpcap\main.cpp(168): error C2059: syntax error : '}'
     1>c:\users\zeroprog\documents\visual studio 2010\projects\zpcap\zpcap\main.cpp(168): error C2143: syntax error : missing ';' before '}'
     1>c:\users\zeroprog\documents\visual studio 2010\projects\zpcap\zpcap\main.cpp(168): error C2059: syntax error : '}'
         Generating Code...
     1>Done Building Project "C:\Users\ZeroProg\Documents\Visual Studio 2010\Projects\zpcap\zpcap\zpcap.vcxproj" (rebuild target(s)) -- FAILED.

Build FAILED.

Time Elapsed 00:00:04.13
