C:\USERS\ZEROPROG\DOCUMENTS\VISUAL STUDIO 2010\PROJECTS\ZPCAP\DEBUG\ZPCAP.EXE
C:\USERS\ZEROPROG\DOCUMENTS\VISUAL STUDIO 2010\PROJECTS\ZPCAP\DEBUG\ZPCAP.ILK
C:\USERS\ZEROPROG\DOCUMENTS\VISUAL STUDIO 2010\PROJECTS\ZPCAP\DEBUG\ZPCAP.PDB
C:\Users\ZeroProg\Documents\Visual Studio 2010\Projects\zpcap\zpcap\Debug\cl.command.1.tlog
C:\Users\ZeroProg\Documents\Visual Studio 2010\Projects\zpcap\zpcap\Debug\CL.read.1.tlog
C:\Users\ZeroProg\Documents\Visual Studio 2010\Projects\zpcap\zpcap\Debug\CL.write.1.tlog
C:\Users\ZeroProg\Documents\Visual Studio 2010\Projects\zpcap\zpcap\Debug\link.command.1.tlog
C:\Users\ZeroProg\Documents\Visual Studio 2010\Projects\zpcap\zpcap\Debug\link.read.1.tlog
C:\Users\ZeroProg\Documents\Visual Studio 2010\Projects\zpcap\zpcap\Debug\link.write.1.tlog
C:\Users\ZeroProg\Documents\Visual Studio 2010\Projects\zpcap\zpcap\Debug\link-cvtres.read.1.tlog
C:\Users\ZeroProg\Documents\Visual Studio 2010\Projects\zpcap\zpcap\Debug\link-cvtres.write.1.tlog
C:\USERS\ZEROPROG\DOCUMENTS\VISUAL STUDIO 2010\PROJECTS\ZPCAP\ZPCAP\DEBUG\MAIN.OBJ
C:\Users\ZeroProg\Documents\Visual Studio 2010\Projects\zpcap\zpcap\Debug\mt.command.1.tlog
C:\Users\ZeroProg\Documents\Visual Studio 2010\Projects\zpcap\zpcap\Debug\mt.read.1.tlog
C:\Users\ZeroProg\Documents\Visual Studio 2010\Projects\zpcap\zpcap\Debug\mt.write.1.tlog
C:\Users\ZeroProg\Documents\Visual Studio 2010\Projects\zpcap\zpcap\Debug\rc.command.1.tlog
C:\Users\ZeroProg\Documents\Visual Studio 2010\Projects\zpcap\zpcap\Debug\rc.read.1.tlog
C:\Users\ZeroProg\Documents\Visual Studio 2010\Projects\zpcap\zpcap\Debug\rc.write.1.tlog
C:\USERS\ZEROPROG\DOCUMENTS\VISUAL STUDIO 2010\PROJECTS\ZPCAP\ZPCAP\DEBUG\SNIFF.OBJ
C:\Users\ZeroProg\Documents\Visual Studio 2010\Projects\zpcap\zpcap\Debug\vc100.idb
C:\USERS\ZEROPROG\DOCUMENTS\VISUAL STUDIO 2010\PROJECTS\ZPCAP\ZPCAP\DEBUG\VC100.PDB
C:\USERS\ZEROPROG\DOCUMENTS\VISUAL STUDIO 2010\PROJECTS\ZPCAP\ZPCAP\DEBUG\ZPCAP.EXE.EMBED.MANIFEST
C:\USERS\ZEROPROG\DOCUMENTS\VISUAL STUDIO 2010\PROJECTS\ZPCAP\ZPCAP\DEBUG\ZPCAP.EXE.EMBED.MANIFEST.RES
C:\USERS\ZEROPROG\DOCUMENTS\VISUAL STUDIO 2010\PROJECTS\ZPCAP\ZPCAP\DEBUG\ZPCAP.EXE.INTERMEDIATE.MANIFEST
C:\Users\ZeroProg\Documents\Visual Studio 2010\Projects\zpcap\zpcap\Debug\zpcap_manifest.rc
